[ 2019-12-02T17:09:56+08:00 ] 127.0.0.1 /wap/Index.html
INFO: [ app_init ] --START--
INFO: Run Behavior\BuildLiteBehavior [ RunTime:0.000026s ]
INFO: [ app_init ] --END-- [ RunTime:0.000686s ]
INFO: [ app_begin ] --START--
INFO: Run Behavior\ReadHtmlCacheBehavior [ RunTime:0.001739s ]
INFO: [ app_begin ] --END-- [ RunTime:0.001871s ]
SQL: SHOW COLUMNS FROM `lscf_system` [ RunTime:0.0036s ]
SQL: SELECT `sULoginTimeout` FROM `lscf_system` WHERE ( sId=1 ) LIMIT 1   [ RunTime:0.0003s ]
SQL: SELECT `sULoginTimeout` FROM `lscf_system` WHERE ( sId=1 ) LIMIT 1   [ RunTime:0.0002s ]
SQL: SHOW COLUMNS FROM `lscf_users` [ RunTime:0.0041s ]
SQL: UPDATE `lscf_users` SET `uOnline`='1',`uOnlineDate`='2019-12-02 17:09:56' WHERE ( uId=1 ) [ RunTime:0.0003s ]
SQL: SELECT `sVersions`,`sName`,`sUrl`,`sCopyrightName`,`sMaxOnline`,`sMinOnline`,`sWeixin`,`sErweima` FROM `lscf_system` WHERE ( sId=1 ) LIMIT 1   [ RunTime:0.0002s ]
SQL: SELECT * FROM `lscf_users` WHERE ( uId=1 ) LIMIT 1   [ RunTime:0.0003s ]
SQL: SHOW COLUMNS FROM `lscf_reggrades` [ RunTime:0.0031s ]
SQL: SELECT * FROM `lscf_reggrades` WHERE ( rgId=4 ) LIMIT 1   [ RunTime:0.0002s ]
SQL: SHOW COLUMNS FROM `lscf_zccf_focusmap` [ RunTime:0.0031s ]
SQL: SELECT * FROM `lscf_zccf_focusmap`  [ RunTime:0.0002s ]
SQL: UPDATE `lscf_users` SET `uOnline`='1',`uOnlineDate`='2019-12-02 17:09:56' WHERE ( uId=1 ) [ RunTime:0.0002s ]
SQL: SHOW COLUMNS FROM `lscf_users_invest` [ RunTime:0.0038s ]
SQL: SELECT `uVip`,`uJiangjin`,`uLixi`,`uMXInvisible`,`uMXInvisibleValid` FROM `lscf_users` WHERE ( uId=1 ) LIMIT 1   [ RunTime:0.0003s ]
SQL: SELECT * FROM `lscf_users_invest` WHERE ( uiUid=1 AND uiSuccess=1 AND uiTouziEnd=0 )  [ RunTime:0.0003s ]
SQL: SHOW COLUMNS FROM `lscf_users_parameters` [ RunTime:0.0037s ]
SQL: SHOW COLUMNS FROM `lscf_money_log` [ RunTime:0.0032s ]
SQL: SELECT * FROM `lscf_users_parameters` WHERE ( upId=1 ) LIMIT 1   [ RunTime:0.0004s ]
SQL: SELECT COUNT(*) AS tp_count FROM `lscf_users` WHERE ( uTuiId=1 AND uTouziState=1 ) LIMIT 1   [ RunTime:0.0002s ]
SQL: SELECT * FROM `lscf_reggrades`  [ RunTime:0.0002s ]
NOTIC: [8] Undefined variable: uVip E:\PhpStorm\pack_20191123_68wLlY\wwwroot\Application\Wap\Controller\IndexController.class.php 第 211 行.
SQL: SHOW COLUMNS FROM `lscf_announcement` [ RunTime:0.0039s ]
SQL: SELECT * FROM `lscf_announcement` WHERE ( annShow=1 ) ORDER BY annId desc  [ RunTime:0.0003s ]
SQL: SELECT `upShowITgnum`,`upShowIJsnum`,`upLXType`,`upGuDingLX`,`upQiandaoONOFF`,`upQiandaoJiangMin`,`upQiandaoJiangMax` FROM `lscf_users_parameters` WHERE ( upId=1 ) LIMIT 1   [ RunTime:0.0002s ]
SQL: SELECT * FROM `lscf_users_invest` WHERE ( uiUid=1 AND uiTouziEnd=0 ) ORDER BY uiId desc LIMIT 0,5   [ RunTime:0.0003s ]
SQL: SHOW COLUMNS FROM `lscf_users_uninvest` [ RunTime:0.0034s ]
SQL: SELECT * FROM `lscf_users_uninvest` WHERE ( uuniUid=1 AND  uuniSuccess=0 ) ORDER BY uuniId desc LIMIT 0,5   [ RunTime:0.0003s ]
SQL: SELECT COUNT(*) AS tp_count FROM `lscf_money_log` WHERE ( mlUid=1 AND mlMoneyType=4 AND mlToday='2019-12-02' ) LIMIT 1   [ RunTime:0.0002s ]
SQL: SELECT SUM(uiUJiner) AS tp_sum FROM `lscf_users_invest` WHERE ( uiUid=1 AND uiSuccess=1 ) LIMIT 1   [ RunTime:0.0002s ]
SQL: SELECT SUM(uuniJiner) AS tp_sum FROM `lscf_users_uninvest` WHERE ( uuniUid=1 AND uuniSuccess=1 AND uunYuanzhuType=0 ) LIMIT 1   [ RunTime:0.0002s ]
SQL: SELECT `uJiangjin`,`uLixi`,`uNowLixi`,`uVip`,`uPDLixi` FROM `lscf_users` WHERE ( uId=1 ) LIMIT 1   [ RunTime:0.0002s ]
SQL: SELECT * FROM `lscf_reggrades` WHERE ( rgId=4 ) LIMIT 1   [ RunTime:0.0002s ]
SQL: SHOW COLUMNS FROM `lscf_users_touzidata` [ RunTime:0.0034s ]
SQL: SELECT `uiUJiner` FROM `lscf_users_invest` WHERE ( uiUid=1 AND uiSuccess=1 AND uiTouziEnd=0 )  [ RunTime:0.0003s ]
SQL: SELECT * FROM `lscf_users_touzidata` WHERE ( utBenjin=3000 ) LIMIT 1   [ RunTime:0.0002s ]
SQL: SELECT * FROM `lscf_users_touzidata` WHERE ( utBenjin=1000 ) LIMIT 1   [ RunTime:0.0002s ]
SQL: SELECT * FROM `lscf_users_touzidata` WHERE ( utBenjin=4000 ) LIMIT 1   [ RunTime:0.0002s ]
SQL: SELECT SUM(uiUJiner) AS tp_sum FROM `lscf_users_invest` WHERE ( uiUid=1  AND uiTouziEnd=1 AND uiunShenqing=0 ) LIMIT 1   [ RunTime:0.0002s ]
SQL: SELECT `uJiangjin`,`uLixi`,`uNowLixi`,`uVip`,`uTouziNum`,`uPDLixi`,`paiDanBi`,`xingji`,`shangchengjifen`,`tongbuqianbao`,`dongtaiqianbao`,`jiHuoMa` FROM `lscf_users` WHERE ( uId=1 ) LIMIT 1   [ RunTime:0.0002s ]
SQL: SHOW COLUMNS FROM `lscf_mregcodes` [ RunTime:0.0033s ]
SQL: SELECT COUNT(*) AS tp_count FROM `lscf_mregcodes` WHERE ( mrcMUid=1 ) LIMIT 1   [ RunTime:0.0002s ]
INFO: [ view_parse ] --START--
INFO: [ template_filter ] --START--
INFO: Run Behavior\ContentReplaceBehavior [ RunTime:0.000198s ]
INFO: [ template_filter ] --END-- [ RunTime:0.000311s ]
NOTIC: [8] Undefined variable: APP_ROOT E:\PhpStorm\pack_20191123_68wLlY\wwwroot\Application\Runtime\Cache\Wap\3233d4e3c1c6c8dc9b06494238f76d21.php 第 61 行.
NOTIC: [8] Undefined variable: WAP_ROOT E:\PhpStorm\pack_20191123_68wLlY\wwwroot\Application\Runtime\Cache\Wap\3233d4e3c1c6c8dc9b06494238f76d21.php 第 62 行.
NOTIC: [8] Undefined variable: PC_URL E:\PhpStorm\pack_20191123_68wLlY\wwwroot\Application\Runtime\Cache\Wap\3233d4e3c1c6c8dc9b06494238f76d21.php 第 63 行.
NOTIC: [8] Undefined variable: data E:\PhpStorm\pack_20191123_68wLlY\wwwroot\Application\Runtime\Cache\Wap\3233d4e3c1c6c8dc9b06494238f76d21.php 第 64 行.
NOTIC: [8] Undefined variable: hide_footer E:\PhpStorm\pack_20191123_68wLlY\wwwroot\Application\Runtime\Cache\Wap\3233d4e3c1c6c8dc9b06494238f76d21.php 第 87 行.
NOTIC: [8] Use of undefined constant request - assumed 'request' E:\PhpStorm\pack_20191123_68wLlY\wwwroot\Application\Runtime\Cache\Wap\3233d4e3c1c6c8dc9b06494238f76d21.php 第 526 行.
NOTIC: [8] Undefined variable: smarty E:\PhpStorm\pack_20191123_68wLlY\wwwroot\Application\Runtime\Cache\Wap\3233d4e3c1c6c8dc9b06494238f76d21.php 第 526 行.
NOTIC: [8] Use of undefined constant hasleftpanel - assumed 'hasleftpanel' E:\PhpStorm\pack_20191123_68wLlY\wwwroot\Application\Runtime\Cache\Wap\3233d4e3c1c6c8dc9b06494238f76d21.php 第 526 行.
NOTIC: [8] Undefined variable: is_login E:\PhpStorm\pack_20191123_68wLlY\wwwroot\Application\Runtime\Cache\Wap\3233d4e3c1c6c8dc9b06494238f76d21.php 第 531 行.
NOTIC: [8] Undefined variable: is_weixin E:\PhpStorm\pack_20191123_68wLlY\wwwroot\Application\Runtime\Cache\Wap\3233d4e3c1c6c8dc9b06494238f76d21.php 第 549 行.
NOTIC: [8] Undefined variable: signPackage E:\PhpStorm\pack_20191123_68wLlY\wwwroot\Application\Runtime\Cache\Wap\3233d4e3c1c6c8dc9b06494238f76d21.php 第 568 行.
INFO: Run Behavior\ParseTemplateBehavior [ RunTime:0.017256s ]
INFO: [ view_parse ] --END-- [ RunTime:0.017365s ]
INFO: [ view_filter ] --START--
INFO: Run Behavior\WriteHtmlCacheBehavior [ RunTime:0.000650s ]
INFO: [ view_filter ] --END-- [ RunTime:0.000753s ]
INFO: [ app_end ] --START--
INFO: Run Behavior\ShowPageTraceBehavior [ RunTime:0.000864s ]
INFO: [ app_end ] --END-- [ RunTime:0.000973s ]

[ 2019-12-02T17:10:00+08:00 ] 127.0.0.1 /wap/Index.html
INFO: [ app_init ] --START--
INFO: Run Behavior\BuildLiteBehavior [ RunTime:0.000025s ]
INFO: [ app_init ] --END-- [ RunTime:0.000565s ]
INFO: [ app_begin ] --START--
INFO: Run Behavior\ReadHtmlCacheBehavior [ RunTime:0.000815s ]
INFO: [ app_begin ] --END-- [ RunTime:0.000924s ]
SQL: SELECT `sULoginTimeout` FROM `lscf_system` WHERE ( sId=1 ) LIMIT 1   [ RunTime:0.0003s ]
SQL: SELECT `sULoginTimeout` FROM `lscf_system` WHERE ( sId=1 ) LIMIT 1   [ RunTime:0.0002s ]
SQL: UPDATE `lscf_users` SET `uOnline`='1',`uOnlineDate`='2019-12-02 17:10:00' WHERE ( uId=1 ) [ RunTime:0.0003s ]
SQL: SELECT `sVersions`,`sName`,`sUrl`,`sCopyrightName`,`sMaxOnline`,`sMinOnline`,`sWeixin`,`sErweima` FROM `lscf_system` WHERE ( sId=1 ) LIMIT 1   [ RunTime:0.0003s ]
SQL: SELECT * FROM `lscf_users` WHERE ( uId=1 ) LIMIT 1   [ RunTime:0.0004s ]
SQL: SELECT * FROM `lscf_reggrades` WHERE ( rgId=4 ) LIMIT 1   [ RunTime:0.0003s ]
SQL: SELECT * FROM `lscf_zccf_focusmap`  [ RunTime:0.0003s ]
SQL: UPDATE `lscf_users` SET `uOnline`='1',`uOnlineDate`='2019-12-02 17:10:00' WHERE ( uId=1 ) [ RunTime:0.0003s ]
SQL: SELECT `uVip`,`uJiangjin`,`uLixi`,`uMXInvisible`,`uMXInvisibleValid` FROM `lscf_users` WHERE ( uId=1 ) LIMIT 1   [ RunTime:0.0002s ]
SQL: SELECT * FROM `lscf_users_invest` WHERE ( uiUid=1 AND uiSuccess=1 AND uiTouziEnd=0 )  [ RunTime:0.0002s ]
SQL: SELECT * FROM `lscf_users_parameters` WHERE ( upId=1 ) LIMIT 1   [ RunTime:0.0003s ]
SQL: SELECT COUNT(*) AS tp_count FROM `lscf_users` WHERE ( uTuiId=1 AND uTouziState=1 ) LIMIT 1   [ RunTime:0.0002s ]
SQL: SELECT * FROM `lscf_reggrades`  [ RunTime:0.0002s ]
NOTIC: [8] Undefined variable: uVip E:\PhpStorm\pack_20191123_68wLlY\wwwroot\Application\Wap\Controller\IndexController.class.php 第 211 行.
SQL: SELECT * FROM `lscf_announcement` WHERE ( annShow=1 ) ORDER BY annId desc  [ RunTime:0.0003s ]
SQL: SELECT `upShowITgnum`,`upShowIJsnum`,`upLXType`,`upGuDingLX`,`upQiandaoONOFF`,`upQiandaoJiangMin`,`upQiandaoJiangMax` FROM `lscf_users_parameters` WHERE ( upId=1 ) LIMIT 1   [ RunTime:0.0002s ]
SQL: SELECT * FROM `lscf_users_invest` WHERE ( uiUid=1 AND uiTouziEnd=0 ) ORDER BY uiId desc LIMIT 0,5   [ RunTime:0.0003s ]
SQL: SELECT * FROM `lscf_users_uninvest` WHERE ( uuniUid=1 AND  uuniSuccess=0 ) ORDER BY uuniId desc LIMIT 0,5   [ RunTime:0.0002s ]
SQL: SELECT COUNT(*) AS tp_count FROM `lscf_money_log` WHERE ( mlUid=1 AND mlMoneyType=4 AND mlToday='2019-12-02' ) LIMIT 1   [ RunTime:0.0002s ]
SQL: SELECT SUM(uiUJiner) AS tp_sum FROM `lscf_users_invest` WHERE ( uiUid=1 AND uiSuccess=1 ) LIMIT 1   [ RunTime:0.0002s ]
SQL: SELECT SUM(uuniJiner) AS tp_sum FROM `lscf_users_uninvest` WHERE ( uuniUid=1 AND uuniSuccess=1 AND uunYuanzhuType=0 ) LIMIT 1   [ RunTime:0.0002s ]
SQL: SELECT `uJiangjin`,`uLixi`,`uNowLixi`,`uVip`,`uPDLixi` FROM `lscf_users` WHERE ( uId=1 ) LIMIT 1   [ RunTime:0.0002s ]
SQL: SELECT * FROM `lscf_reggrades` WHERE ( rgId=4 ) LIMIT 1   [ RunTime:0.0002s ]
SQL: SELECT `uiUJiner` FROM `lscf_users_invest` WHERE ( uiUid=1 AND uiSuccess=1 AND uiTouziEnd=0 )  [ RunTime:0.0002s ]
SQL: SELECT * FROM `lscf_users_touzidata` WHERE ( utBenjin=3000 ) LIMIT 1   [ RunTime:0.0002s ]
SQL: SELECT * FROM `lscf_users_touzidata` WHERE ( utBenjin=1000 ) LIMIT 1   [ RunTime:0.0002s ]
SQL: SELECT * FROM `lscf_users_touzidata` WHERE ( utBenjin=4000 ) LIMIT 1   [ RunTime:0.0002s ]
SQL: SELECT SUM(uiUJiner) AS tp_sum FROM `lscf_users_invest` WHERE ( uiUid=1  AND uiTouziEnd=1 AND uiunShenqing=0 ) LIMIT 1   [ RunTime:0.0002s ]
SQL: SELECT `uJiangjin`,`uLixi`,`uNowLixi`,`uVip`,`uTouziNum`,`uPDLixi`,`paiDanBi`,`xingji`,`shangchengjifen`,`tongbuqianbao`,`dongtaiqianbao`,`jiHuoMa` FROM `lscf_users` WHERE ( uId=1 ) LIMIT 1   [ RunTime:0.0003s ]
SQL: SELECT COUNT(*) AS tp_count FROM `lscf_mregcodes` WHERE ( mrcMUid=1 ) LIMIT 1   [ RunTime:0.0003s ]
INFO: [ view_parse ] --START--
NOTIC: [8] Undefined variable: APP_ROOT E:\PhpStorm\pack_20191123_68wLlY\wwwroot\Application\Runtime\Cache\Wap\3233d4e3c1c6c8dc9b06494238f76d21.php 第 61 行.
NOTIC: [8] Undefined variable: WAP_ROOT E:\PhpStorm\pack_20191123_68wLlY\wwwroot\Application\Runtime\Cache\Wap\3233d4e3c1c6c8dc9b06494238f76d21.php 第 62 行.
NOTIC: [8] Undefined variable: PC_URL E:\PhpStorm\pack_20191123_68wLlY\wwwroot\Application\Runtime\Cache\Wap\3233d4e3c1c6c8dc9b06494238f76d21.php 第 63 行.
NOTIC: [8] Undefined variable: data E:\PhpStorm\pack_20191123_68wLlY\wwwroot\Application\Runtime\Cache\Wap\3233d4e3c1c6c8dc9b06494238f76d21.php 第 64 行.
NOTIC: [8] Undefined variable: hide_footer E:\PhpStorm\pack_20191123_68wLlY\wwwroot\Application\Runtime\Cache\Wap\3233d4e3c1c6c8dc9b06494238f76d21.php 第 87 行.
NOTIC: [8] Use of undefined constant request - assumed 'request' E:\PhpStorm\pack_20191123_68wLlY\wwwroot\Application\Runtime\Cache\Wap\3233d4e3c1c6c8dc9b06494238f76d21.php 第 526 行.
NOTIC: [8] Undefined variable: smarty E:\PhpStorm\pack_20191123_68wLlY\wwwroot\Application\Runtime\Cache\Wap\3233d4e3c1c6c8dc9b06494238f76d21.php 第 526 行.
NOTIC: [8] Use of undefined constant hasleftpanel - assumed 'hasleftpanel' E:\PhpStorm\pack_20191123_68wLlY\wwwroot\Application\Runtime\Cache\Wap\3233d4e3c1c6c8dc9b06494238f76d21.php 第 526 行.
NOTIC: [8] Undefined variable: is_login E:\PhpStorm\pack_20191123_68wLlY\wwwroot\Application\Runtime\Cache\Wap\3233d4e3c1c6c8dc9b06494238f76d21.php 第 531 行.
NOTIC: [8] Undefined variable: is_weixin E:\PhpStorm\pack_20191123_68wLlY\wwwroot\Application\Runtime\Cache\Wap\3233d4e3c1c6c8dc9b06494238f76d21.php 第 549 行.
NOTIC: [8] Undefined variable: signPackage E:\PhpStorm\pack_20191123_68wLlY\wwwroot\Application\Runtime\Cache\Wap\3233d4e3c1c6c8dc9b06494238f76d21.php 第 568 行.
INFO: Run Behavior\ParseTemplateBehavior [ RunTime:0.002026s ]
INFO: [ view_parse ] --END-- [ RunTime:0.002137s ]
INFO: [ view_filter ] --START--
INFO: Run Behavior\WriteHtmlCacheBehavior [ RunTime:0.000619s ]
INFO: [ view_filter ] --END-- [ RunTime:0.000723s ]
INFO: [ app_end ] --START--
INFO: Run Behavior\ShowPageTraceBehavior [ RunTime:0.000817s ]
INFO: [ app_end ] --END-- [ RunTime:0.000930s ]

[ 2019-12-02T17:23:26+08:00 ] 127.0.0.1 /Wap/Index/index.html
INFO: [ app_init ] --START--
INFO: Run Behavior\BuildLiteBehavior [ RunTime:0.000027s ]
INFO: [ app_init ] --END-- [ RunTime:0.000699s ]
INFO: [ app_begin ] --START--
INFO: Run Behavior\ReadHtmlCacheBehavior [ RunTime:0.000752s ]
INFO: [ app_begin ] --END-- [ RunTime:0.000878s ]
SQL: SELECT `sULoginTimeout` FROM `lscf_system` WHERE ( sId=1 ) LIMIT 1   [ RunTime:0.0010s ]
SQL: SELECT `sULoginTimeout` FROM `lscf_system` WHERE ( sId=1 ) LIMIT 1   [ RunTime:0.0001s ]
SQL: UPDATE `lscf_users` SET `uOnline`='1',`uOnlineDate`='2019-12-02 17:23:26' WHERE ( uId=1 ) [ RunTime:0.0010s ]
SQL: SELECT `sVersions`,`sName`,`sUrl`,`sCopyrightName`,`sMaxOnline`,`sMinOnline`,`sWeixin`,`sErweima` FROM `lscf_system` WHERE ( sId=1 ) LIMIT 1   [ RunTime:0.0003s ]
SQL: SELECT * FROM `lscf_users` WHERE ( uId=1 ) LIMIT 1   [ RunTime:0.0003s ]
SQL: SELECT * FROM `lscf_reggrades` WHERE ( rgId=4 ) LIMIT 1   [ RunTime:0.0010s ]
SQL: SELECT * FROM `lscf_zccf_focusmap`  [ RunTime:0.0011s ]
SQL: UPDATE `lscf_users` SET `uOnline`='1',`uOnlineDate`='2019-12-02 17:23:26' WHERE ( uId=1 ) [ RunTime:0.0003s ]
SQL: SELECT `uVip`,`uJiangjin`,`uLixi`,`uMXInvisible`,`uMXInvisibleValid` FROM `lscf_users` WHERE ( uId=1 ) LIMIT 1   [ RunTime:0.0003s ]
SQL: SELECT * FROM `lscf_users_invest` WHERE ( uiUid=1 AND uiSuccess=1 AND uiTouziEnd=0 )  [ RunTime:0.0011s ]
SQL: SELECT * FROM `lscf_users_parameters` WHERE ( upId=1 ) LIMIT 1   [ RunTime:0.0011s ]
SQL: SELECT COUNT(*) AS tp_count FROM `lscf_users` WHERE ( uTuiId=1 AND uTouziState=1 ) LIMIT 1   [ RunTime:0.0002s ]
SQL: SELECT * FROM `lscf_reggrades`  [ RunTime:0.0001s ]
NOTIC: [8] Undefined variable: uVip E:\PhpStorm\pack_20191123_68wLlY\wwwroot\Application\Wap\Controller\IndexController.class.php 第 211 行.
SQL: SELECT * FROM `lscf_announcement` WHERE ( annShow=1 ) ORDER BY annId desc  [ RunTime:0.0011s ]
SQL: SELECT `upShowITgnum`,`upShowIJsnum`,`upLXType`,`upGuDingLX`,`upQiandaoONOFF`,`upQiandaoJiangMin`,`upQiandaoJiangMax` FROM `lscf_users_parameters` WHERE ( upId=1 ) LIMIT 1   [ RunTime:0.0002s ]
SQL: SELECT * FROM `lscf_users_invest` WHERE ( uiUid=1 AND uiTouziEnd=0 ) ORDER BY uiId desc LIMIT 0,5   [ RunTime:0.0002s ]
SQL: SELECT * FROM `lscf_users_uninvest` WHERE ( uuniUid=1 AND  uuniSuccess=0 ) ORDER BY uuniId desc LIMIT 0,5   [ RunTime:0.0011s ]
SQL: SELECT COUNT(*) AS tp_count FROM `lscf_money_log` WHERE ( mlUid=1 AND mlMoneyType=4 AND mlToday='2019-12-02' ) LIMIT 1   [ RunTime:0.0010s ]
SQL: SELECT SUM(uiUJiner) AS tp_sum FROM `lscf_users_invest` WHERE ( uiUid=1 AND uiSuccess=1 ) LIMIT 1   [ RunTime:0.0002s ]
SQL: SELECT SUM(uuniJiner) AS tp_sum FROM `lscf_users_uninvest` WHERE ( uuniUid=1 AND uuniSuccess=1 AND uunYuanzhuType=0 ) LIMIT 1   [ RunTime:0.0002s ]
SQL: SELECT `uJiangjin`,`uLixi`,`uNowLixi`,`uVip`,`uPDLixi` FROM `lscf_users` WHERE ( uId=1 ) LIMIT 1   [ RunTime:0.0003s ]
SQL: SELECT * FROM `lscf_reggrades` WHERE ( rgId=4 ) LIMIT 1   [ RunTime:0.0002s ]
SQL: SELECT `uiUJiner` FROM `lscf_users_invest` WHERE ( uiUid=1 AND uiSuccess=1 AND uiTouziEnd=0 )  [ RunTime:0.0002s ]
SQL: SELECT * FROM `lscf_users_touzidata` WHERE ( utBenjin=3000 ) LIMIT 1   [ RunTime:0.0011s ]
SQL: SELECT * FROM `lscf_users_touzidata` WHERE ( utBenjin=1000 ) LIMIT 1   [ RunTime:0.0002s ]
SQL: SELECT * FROM `lscf_users_touzidata` WHERE ( utBenjin=4000 ) LIMIT 1   [ RunTime:0.0002s ]
SQL: SELECT SUM(uiUJiner) AS tp_sum FROM `lscf_users_invest` WHERE ( uiUid=1  AND uiTouziEnd=1 AND uiunShenqing=0 ) LIMIT 1   [ RunTime:0.0002s ]
SQL: SELECT `uJiangjin`,`uLixi`,`uNowLixi`,`uVip`,`uTouziNum`,`uPDLixi`,`paiDanBi`,`xingji`,`shangchengjifen`,`tongbuqianbao`,`dongtaiqianbao`,`jiHuoMa` FROM `lscf_users` WHERE ( uId=1 ) LIMIT 1   [ RunTime:0.0002s ]
SQL: SELECT COUNT(*) AS tp_count FROM `lscf_mregcodes` WHERE ( mrcMUid=1 ) LIMIT 1   [ RunTime:0.0009s ]
INFO: [ view_parse ] --START--
NOTIC: [8] Undefined variable: APP_ROOT E:\PhpStorm\pack_20191123_68wLlY\wwwroot\Application\Runtime\Cache\Wap\3233d4e3c1c6c8dc9b06494238f76d21.php 第 61 行.
NOTIC: [8] Undefined variable: WAP_ROOT E:\PhpStorm\pack_20191123_68wLlY\wwwroot\Application\Runtime\Cache\Wap\3233d4e3c1c6c8dc9b06494238f76d21.php 第 62 行.
NOTIC: [8] Undefined variable: PC_URL E:\PhpStorm\pack_20191123_68wLlY\wwwroot\Application\Runtime\Cache\Wap\3233d4e3c1c6c8dc9b06494238f76d21.php 第 63 行.
NOTIC: [8] Undefined variable: data E:\PhpStorm\pack_20191123_68wLlY\wwwroot\Application\Runtime\Cache\Wap\3233d4e3c1c6c8dc9b06494238f76d21.php 第 64 行.
NOTIC: [8] Undefined variable: hide_footer E:\PhpStorm\pack_20191123_68wLlY\wwwroot\Application\Runtime\Cache\Wap\3233d4e3c1c6c8dc9b06494238f76d21.php 第 87 行.
NOTIC: [8] Use of undefined constant request - assumed 'request' E:\PhpStorm\pack_20191123_68wLlY\wwwroot\Application\Runtime\Cache\Wap\3233d4e3c1c6c8dc9b06494238f76d21.php 第 526 行.
NOTIC: [8] Undefined variable: smarty E:\PhpStorm\pack_20191123_68wLlY\wwwroot\Application\Runtime\Cache\Wap\3233d4e3c1c6c8dc9b06494238f76d21.php 第 526 行.
NOTIC: [8] Use of undefined constant hasleftpanel - assumed 'hasleftpanel' E:\PhpStorm\pack_20191123_68wLlY\wwwroot\Application\Runtime\Cache\Wap\3233d4e3c1c6c8dc9b06494238f76d21.php 第 526 行.
NOTIC: [8] Undefined variable: is_login E:\PhpStorm\pack_20191123_68wLlY\wwwroot\Application\Runtime\Cache\Wap\3233d4e3c1c6c8dc9b06494238f76d21.php 第 531 行.
NOTIC: [8] Undefined variable: is_weixin E:\PhpStorm\pack_20191123_68wLlY\wwwroot\Application\Runtime\Cache\Wap\3233d4e3c1c6c8dc9b06494238f76d21.php 第 549 行.
NOTIC: [8] Undefined variable: signPackage E:\PhpStorm\pack_20191123_68wLlY\wwwroot\Application\Runtime\Cache\Wap\3233d4e3c1c6c8dc9b06494238f76d21.php 第 568 行.
INFO: Run Behavior\ParseTemplateBehavior [ RunTime:0.001615s ]
INFO: [ view_parse ] --END-- [ RunTime:0.001721s ]
INFO: [ view_filter ] --START--
INFO: Run Behavior\WriteHtmlCacheBehavior [ RunTime:0.000546s ]
INFO: [ view_filter ] --END-- [ RunTime:0.000655s ]
INFO: [ app_end ] --START--
INFO: Run Behavior\ShowPageTraceBehavior [ RunTime:0.000762s ]
INFO: [ app_end ] --END-- [ RunTime:0.000873s ]

[ 2019-12-02T17:26:46+08:00 ] 127.0.0.1 /Wap/Index/UserSign/uId/1
INFO: [ app_init ] --START--
INFO: Run Behavior\BuildLiteBehavior [ RunTime:0.000027s ]
INFO: [ app_init ] --END-- [ RunTime:0.000579s ]
INFO: [ app_begin ] --START--
INFO: Run Behavior\ReadHtmlCacheBehavior [ RunTime:0.000758s ]
INFO: [ app_begin ] --END-- [ RunTime:0.000865s ]
SQL: SELECT `sULoginTimeout` FROM `lscf_system` WHERE ( sId=1 ) LIMIT 1   [ RunTime:0.0003s ]
SQL: SELECT `sULoginTimeout` FROM `lscf_system` WHERE ( sId=1 ) LIMIT 1   [ RunTime:0.0002s ]
SQL: UPDATE `lscf_users` SET `uOnline`='1',`uOnlineDate`='2019-12-02 17:26:46' WHERE ( uId=1 ) [ RunTime:0.0003s ]
SQL: SELECT `upQiandaoONOFF`,`upQiandaoJiangMin`,`upQiandaoJiangMax` FROM `lscf_users_parameters` WHERE ( upId=1 ) LIMIT 1   [ RunTime:0.0003s ]
SQL: SELECT `uJiangjin`,`uQiandaoNum` FROM `lscf_users` WHERE ( uId=1 ) LIMIT 1   [ RunTime:0.0002s ]
SQL: SELECT COUNT(*) AS tp_count FROM `lscf_money_log` WHERE ( mlUid=1  AND mlMoneyType=4 AND 	mlToday='2019-12-02' ) LIMIT 1   [ RunTime:0.0002s ]

[ 2019-12-02T17:26:56+08:00 ] 127.0.0.1 /Wap/Index/UserSign/uId/1
INFO: [ app_init ] --START--
INFO: Run Behavior\BuildLiteBehavior [ RunTime:0.000024s ]
INFO: [ app_init ] --END-- [ RunTime:0.000530s ]
INFO: [ app_begin ] --START--
INFO: Run Behavior\ReadHtmlCacheBehavior [ RunTime:0.000678s ]
INFO: [ app_begin ] --END-- [ RunTime:0.000874s ]
SQL: SELECT `sULoginTimeout` FROM `lscf_system` WHERE ( sId=1 ) LIMIT 1   [ RunTime:0.0003s ]
SQL: SELECT `sULoginTimeout` FROM `lscf_system` WHERE ( sId=1 ) LIMIT 1   [ RunTime:0.0002s ]
SQL: UPDATE `lscf_users` SET `uOnline`='1',`uOnlineDate`='2019-12-02 17:26:56' WHERE ( uId=1 ) [ RunTime:0.0003s ]
SQL: SELECT `upQiandaoONOFF`,`upQiandaoJiangMin`,`upQiandaoJiangMax` FROM `lscf_users_parameters` WHERE ( upId=1 ) LIMIT 1   [ RunTime:0.0003s ]
SQL: SELECT `uJiangjin`,`uQiandaoNum` FROM `lscf_users` WHERE ( uId=1 ) LIMIT 1   [ RunTime:0.0002s ]
SQL: SELECT COUNT(*) AS tp_count FROM `lscf_money_log` WHERE ( mlUid=1  AND mlMoneyType=4 AND 	mlToday='2019-12-02' ) LIMIT 1   [ RunTime:0.0003s ]

[ 2019-12-02T17:27:07+08:00 ] 127.0.0.1 /Wap/Index/index.html
INFO: [ app_init ] --START--
INFO: Run Behavior\BuildLiteBehavior [ RunTime:0.000026s ]
INFO: [ app_init ] --END-- [ RunTime:0.000586s ]
INFO: [ app_begin ] --START--
INFO: Run Behavior\ReadHtmlCacheBehavior [ RunTime:0.000746s ]
INFO: [ app_begin ] --END-- [ RunTime:0.000858s ]
SQL: SELECT `sULoginTimeout` FROM `lscf_system` WHERE ( sId=1 ) LIMIT 1   [ RunTime:0.0002s ]
SQL: SELECT `sULoginTimeout` FROM `lscf_system` WHERE ( sId=1 ) LIMIT 1   [ RunTime:0.0002s ]
SQL: UPDATE `lscf_users` SET `uOnline`='1',`uOnlineDate`='2019-12-02 17:27:07' WHERE ( uId=1 ) [ RunTime:0.0002s ]
SQL: SELECT `sVersions`,`sName`,`sUrl`,`sCopyrightName`,`sMaxOnline`,`sMinOnline`,`sWeixin`,`sErweima` FROM `lscf_system` WHERE ( sId=1 ) LIMIT 1   [ RunTime:0.0002s ]
SQL: SELECT * FROM `lscf_users` WHERE ( uId=1 ) LIMIT 1   [ RunTime:0.0003s ]
SQL: SELECT * FROM `lscf_reggrades` WHERE ( rgId=4 ) LIMIT 1   [ RunTime:0.0002s ]
SQL: SELECT * FROM `lscf_zccf_focusmap`  [ RunTime:0.0002s ]
SQL: UPDATE `lscf_users` SET `uOnline`='1',`uOnlineDate`='2019-12-02 17:27:07' WHERE ( uId=1 ) [ RunTime:0.0002s ]
SQL: SELECT `uVip`,`uJiangjin`,`uLixi`,`uMXInvisible`,`uMXInvisibleValid` FROM `lscf_users` WHERE ( uId=1 ) LIMIT 1   [ RunTime:0.0002s ]
SQL: SELECT * FROM `lscf_users_invest` WHERE ( uiUid=1 AND uiSuccess=1 AND uiTouziEnd=0 )  [ RunTime:0.0003s ]
SQL: SELECT * FROM `lscf_users_parameters` WHERE ( upId=1 ) LIMIT 1   [ RunTime:0.0003s ]
SQL: SELECT COUNT(*) AS tp_count FROM `lscf_users` WHERE ( uTuiId=1 AND uTouziState=1 ) LIMIT 1   [ RunTime:0.0002s ]
SQL: SELECT * FROM `lscf_reggrades`  [ RunTime:0.0002s ]
NOTIC: [8] Undefined variable: uVip E:\PhpStorm\pack_20191123_68wLlY\wwwroot\Application\Wap\Controller\IndexController.class.php 第 211 行.
SQL: SELECT * FROM `lscf_announcement` WHERE ( annShow=1 ) ORDER BY annId desc  [ RunTime:0.0003s ]
SQL: SELECT `upShowITgnum`,`upShowIJsnum`,`upLXType`,`upGuDingLX`,`upQiandaoONOFF`,`upQiandaoJiangMin`,`upQiandaoJiangMax` FROM `lscf_users_parameters` WHERE ( upId=1 ) LIMIT 1   [ RunTime:0.0002s ]
SQL: SELECT * FROM `lscf_users_invest` WHERE ( uiUid=1 AND uiTouziEnd=0 ) ORDER BY uiId desc LIMIT 0,5   [ RunTime:0.0003s ]
SQL: SELECT * FROM `lscf_users_uninvest` WHERE ( uuniUid=1 AND  uuniSuccess=0 ) ORDER BY uuniId desc LIMIT 0,5   [ RunTime:0.0003s ]
SQL: SELECT COUNT(*) AS tp_count FROM `lscf_money_log` WHERE ( mlUid=1 AND mlMoneyType=4 AND mlToday='2019-12-02' ) LIMIT 1   [ RunTime:0.0002s ]
SQL: SELECT SUM(uiUJiner) AS tp_sum FROM `lscf_users_invest` WHERE ( uiUid=1 AND uiSuccess=1 ) LIMIT 1   [ RunTime:0.0002s ]
SQL: SELECT SUM(uuniJiner) AS tp_sum FROM `lscf_users_uninvest` WHERE ( uuniUid=1 AND uuniSuccess=1 AND uunYuanzhuType=0 ) LIMIT 1   [ RunTime:0.0002s ]
SQL: SELECT `uJiangjin`,`uLixi`,`uNowLixi`,`uVip`,`uPDLixi` FROM `lscf_users` WHERE ( uId=1 ) LIMIT 1   [ RunTime:0.0002s ]
SQL: SELECT * FROM `lscf_reggrades` WHERE ( rgId=4 ) LIMIT 1   [ RunTime:0.0002s ]
SQL: SELECT `uiUJiner` FROM `lscf_users_invest` WHERE ( uiUid=1 AND uiSuccess=1 AND uiTouziEnd=0 )  [ RunTime:0.0003s ]
SQL: SELECT * FROM `lscf_users_touzidata` WHERE ( utBenjin=3000 ) LIMIT 1   [ RunTime:0.0003s ]
SQL: SELECT * FROM `lscf_users_touzidata` WHERE ( utBenjin=1000 ) LIMIT 1   [ RunTime:0.0002s ]
SQL: SELECT * FROM `lscf_users_touzidata` WHERE ( utBenjin=4000 ) LIMIT 1   [ RunTime:0.0002s ]
SQL: SELECT SUM(uiUJiner) AS tp_sum FROM `lscf_users_invest` WHERE ( uiUid=1  AND uiTouziEnd=1 AND uiunShenqing=0 ) LIMIT 1   [ RunTime:0.0002s ]
SQL: SELECT `uJiangjin`,`uLixi`,`uNowLixi`,`uVip`,`uTouziNum`,`uPDLixi`,`paiDanBi`,`xingji`,`shangchengjifen`,`tongbuqianbao`,`dongtaiqianbao`,`jiHuoMa` FROM `lscf_users` WHERE ( uId=1 ) LIMIT 1   [ RunTime:0.0002s ]
SQL: SELECT COUNT(*) AS tp_count FROM `lscf_mregcodes` WHERE ( mrcMUid=1 ) LIMIT 1   [ RunTime:0.0001s ]
INFO: [ view_parse ] --START--
INFO: [ template_filter ] --START--
INFO: Run Behavior\ContentReplaceBehavior [ RunTime:0.000195s ]
INFO: [ template_filter ] --END-- [ RunTime:0.000311s ]
NOTIC: [8] Undefined variable: APP_ROOT E:\PhpStorm\pack_20191123_68wLlY\wwwroot\Application\Runtime\Cache\Wap\3233d4e3c1c6c8dc9b06494238f76d21.php 第 61 行.
NOTIC: [8] Undefined variable: WAP_ROOT E:\PhpStorm\pack_20191123_68wLlY\wwwroot\Application\Runtime\Cache\Wap\3233d4e3c1c6c8dc9b06494238f76d21.php 第 62 行.
NOTIC: [8] Undefined variable: PC_URL E:\PhpStorm\pack_20191123_68wLlY\wwwroot\Application\Runtime\Cache\Wap\3233d4e3c1c6c8dc9b06494238f76d21.php 第 63 行.
NOTIC: [8] Undefined variable: data E:\PhpStorm\pack_20191123_68wLlY\wwwroot\Application\Runtime\Cache\Wap\3233d4e3c1c6c8dc9b06494238f76d21.php 第 64 行.
NOTIC: [8] Undefined variable: hide_footer E:\PhpStorm\pack_20191123_68wLlY\wwwroot\Application\Runtime\Cache\Wap\3233d4e3c1c6c8dc9b06494238f76d21.php 第 87 行.
NOTIC: [8] Use of undefined constant request - assumed 'request' E:\PhpStorm\pack_20191123_68wLlY\wwwroot\Application\Runtime\Cache\Wap\3233d4e3c1c6c8dc9b06494238f76d21.php 第 526 行.
NOTIC: [8] Undefined variable: smarty E:\PhpStorm\pack_20191123_68wLlY\wwwroot\Application\Runtime\Cache\Wap\3233d4e3c1c6c8dc9b06494238f76d21.php 第 526 行.
NOTIC: [8] Use of undefined constant hasleftpanel - assumed 'hasleftpanel' E:\PhpStorm\pack_20191123_68wLlY\wwwroot\Application\Runtime\Cache\Wap\3233d4e3c1c6c8dc9b06494238f76d21.php 第 526 行.
NOTIC: [8] Undefined variable: is_login E:\PhpStorm\pack_20191123_68wLlY\wwwroot\Application\Runtime\Cache\Wap\3233d4e3c1c6c8dc9b06494238f76d21.php 第 531 行.
NOTIC: [8] Undefined variable: is_weixin E:\PhpStorm\pack_20191123_68wLlY\wwwroot\Application\Runtime\Cache\Wap\3233d4e3c1c6c8dc9b06494238f76d21.php 第 549 行.
NOTIC: [8] Undefined variable: signPackage E:\PhpStorm\pack_20191123_68wLlY\wwwroot\Application\Runtime\Cache\Wap\3233d4e3c1c6c8dc9b06494238f76d21.php 第 568 行.
INFO: Run Behavior\ParseTemplateBehavior [ RunTime:0.016384s ]
INFO: [ view_parse ] --END-- [ RunTime:0.016497s ]
INFO: [ view_filter ] --START--
INFO: Run Behavior\WriteHtmlCacheBehavior [ RunTime:0.000468s ]
INFO: [ view_filter ] --END-- [ RunTime:0.000570s ]
INFO: [ app_end ] --START--
INFO: Run Behavior\ShowPageTraceBehavior [ RunTime:0.000776s ]
INFO: [ app_end ] --END-- [ RunTime:0.000959s ]

[ 2019-12-02T17:27:11+08:00 ] 127.0.0.1 /Wap/Index/index.html
INFO: [ app_init ] --START--
INFO: Run Behavior\BuildLiteBehavior [ RunTime:0.000025s ]
INFO: [ app_init ] --END-- [ RunTime:0.000534s ]
INFO: [ app_begin ] --START--
INFO: Run Behavior\ReadHtmlCacheBehavior [ RunTime:0.000691s ]
INFO: [ app_begin ] --END-- [ RunTime:0.000802s ]
SQL: SELECT `sULoginTimeout` FROM `lscf_system` WHERE ( sId=1 ) LIMIT 1   [ RunTime:0.0002s ]
SQL: SELECT `sULoginTimeout` FROM `lscf_system` WHERE ( sId=1 ) LIMIT 1   [ RunTime:0.0002s ]
SQL: UPDATE `lscf_users` SET `uOnline`='1',`uOnlineDate`='2019-12-02 17:27:11' WHERE ( uId=1 ) [ RunTime:0.0003s ]
SQL: SELECT `sVersions`,`sName`,`sUrl`,`sCopyrightName`,`sMaxOnline`,`sMinOnline`,`sWeixin`,`sErweima` FROM `lscf_system` WHERE ( sId=1 ) LIMIT 1   [ RunTime:0.0003s ]
SQL: SELECT * FROM `lscf_users` WHERE ( uId=1 ) LIMIT 1   [ RunTime:0.0004s ]
SQL: SELECT * FROM `lscf_reggrades` WHERE ( rgId=4 ) LIMIT 1   [ RunTime:0.0002s ]
SQL: SELECT * FROM `lscf_zccf_focusmap`  [ RunTime:0.0002s ]
SQL: UPDATE `lscf_users` SET `uOnline`='1',`uOnlineDate`='2019-12-02 17:27:11' WHERE ( uId=1 ) [ RunTime:0.0002s ]
SQL: SELECT `uVip`,`uJiangjin`,`uLixi`,`uMXInvisible`,`uMXInvisibleValid` FROM `lscf_users` WHERE ( uId=1 ) LIMIT 1   [ RunTime:0.0003s ]
SQL: SELECT * FROM `lscf_users_invest` WHERE ( uiUid=1 AND uiSuccess=1 AND uiTouziEnd=0 )  [ RunTime:0.0003s ]
SQL: SELECT * FROM `lscf_users_parameters` WHERE ( upId=1 ) LIMIT 1   [ RunTime:0.0003s ]
SQL: SELECT COUNT(*) AS tp_count FROM `lscf_users` WHERE ( uTuiId=1 AND uTouziState=1 ) LIMIT 1   [ RunTime:0.0003s ]
SQL: SELECT * FROM `lscf_reggrades`  [ RunTime:0.0002s ]
NOTIC: [8] Undefined variable: uVip E:\PhpStorm\pack_20191123_68wLlY\wwwroot\Application\Wap\Controller\IndexController.class.php 第 211 行.
SQL: SELECT * FROM `lscf_announcement` WHERE ( annShow=1 ) ORDER BY annId desc  [ RunTime:0.0003s ]
SQL: SELECT `upShowITgnum`,`upShowIJsnum`,`upLXType`,`upGuDingLX`,`upQiandaoONOFF`,`upQiandaoJiangMin`,`upQiandaoJiangMax` FROM `lscf_users_parameters` WHERE ( upId=1 ) LIMIT 1   [ RunTime:0.0002s ]
SQL: SELECT * FROM `lscf_users_invest` WHERE ( uiUid=1 AND uiTouziEnd=0 ) ORDER BY uiId desc LIMIT 0,5   [ RunTime:0.0003s ]
SQL: SELECT * FROM `lscf_users_uninvest` WHERE ( uuniUid=1 AND  uuniSuccess=0 ) ORDER BY uuniId desc LIMIT 0,5   [ RunTime:0.0003s ]
SQL: SELECT COUNT(*) AS tp_count FROM `lscf_money_log` WHERE ( mlUid=1 AND mlMoneyType=4 AND mlToday='2019-12-02' ) LIMIT 1   [ RunTime:0.0002s ]
SQL: SELECT SUM(uiUJiner) AS tp_sum FROM `lscf_users_invest` WHERE ( uiUid=1 AND uiSuccess=1 ) LIMIT 1   [ RunTime:0.0002s ]
SQL: SELECT SUM(uuniJiner) AS tp_sum FROM `lscf_users_uninvest` WHERE ( uuniUid=1 AND uuniSuccess=1 AND uunYuanzhuType=0 ) LIMIT 1   [ RunTime:0.0002s ]
SQL: SELECT `uJiangjin`,`uLixi`,`uNowLixi`,`uVip`,`uPDLixi` FROM `lscf_users` WHERE ( uId=1 ) LIMIT 1   [ RunTime:0.0002s ]
SQL: SELECT * FROM `lscf_reggrades` WHERE ( rgId=4 ) LIMIT 1   [ RunTime:0.0002s ]
SQL: SELECT `uiUJiner` FROM `lscf_users_invest` WHERE ( uiUid=1 AND uiSuccess=1 AND uiTouziEnd=0 )  [ RunTime:0.0002s ]
SQL: SELECT * FROM `lscf_users_touzidata` WHERE ( utBenjin=3000 ) LIMIT 1   [ RunTime:0.0003s ]
SQL: SELECT * FROM `lscf_users_touzidata` WHERE ( utBenjin=1000 ) LIMIT 1   [ RunTime:0.0003s ]
SQL: SELECT * FROM `lscf_users_touzidata` WHERE ( utBenjin=4000 ) LIMIT 1   [ RunTime:0.0003s ]
SQL: SELECT SUM(uiUJiner) AS tp_sum FROM `lscf_users_invest` WHERE ( uiUid=1  AND uiTouziEnd=1 AND uiunShenqing=0 ) LIMIT 1   [ RunTime:0.0002s ]
SQL: SELECT `uJiangjin`,`uLixi`,`uNowLixi`,`uVip`,`uTouziNum`,`uPDLixi`,`paiDanBi`,`xingji`,`shangchengjifen`,`tongbuqianbao`,`dongtaiqianbao`,`jiHuoMa` FROM `lscf_users` WHERE ( uId=1 ) LIMIT 1   [ RunTime:0.0003s ]
SQL: SELECT COUNT(*) AS tp_count FROM `lscf_mregcodes` WHERE ( mrcMUid=1 ) LIMIT 1   [ RunTime:0.0002s ]
INFO: [ view_parse ] --START--
NOTIC: [8] Undefined variable: APP_ROOT E:\PhpStorm\pack_20191123_68wLlY\wwwroot\Application\Runtime\Cache\Wap\3233d4e3c1c6c8dc9b06494238f76d21.php 第 61 行.
NOTIC: [8] Undefined variable: WAP_ROOT E:\PhpStorm\pack_20191123_68wLlY\wwwroot\Application\Runtime\Cache\Wap\3233d4e3c1c6c8dc9b06494238f76d21.php 第 62 行.
NOTIC: [8] Undefined variable: PC_URL E:\PhpStorm\pack_20191123_68wLlY\wwwroot\Application\Runtime\Cache\Wap\3233d4e3c1c6c8dc9b06494238f76d21.php 第 63 行.
NOTIC: [8] Undefined variable: data E:\PhpStorm\pack_20191123_68wLlY\wwwroot\Application\Runtime\Cache\Wap\3233d4e3c1c6c8dc9b06494238f76d21.php 第 64 行.
NOTIC: [8] Undefined variable: hide_footer E:\PhpStorm\pack_20191123_68wLlY\wwwroot\Application\Runtime\Cache\Wap\3233d4e3c1c6c8dc9b06494238f76d21.php 第 87 行.
NOTIC: [8] Use of undefined constant request - assumed 'request' E:\PhpStorm\pack_20191123_68wLlY\wwwroot\Application\Runtime\Cache\Wap\3233d4e3c1c6c8dc9b06494238f76d21.php 第 526 行.
NOTIC: [8] Undefined variable: smarty E:\PhpStorm\pack_20191123_68wLlY\wwwroot\Application\Runtime\Cache\Wap\3233d4e3c1c6c8dc9b06494238f76d21.php 第 526 行.
NOTIC: [8] Use of undefined constant hasleftpanel - assumed 'hasleftpanel' E:\PhpStorm\pack_20191123_68wLlY\wwwroot\Application\Runtime\Cache\Wap\3233d4e3c1c6c8dc9b06494238f76d21.php 第 526 行.
NOTIC: [8] Undefined variable: is_login E:\PhpStorm\pack_20191123_68wLlY\wwwroot\Application\Runtime\Cache\Wap\3233d4e3c1c6c8dc9b06494238f76d21.php 第 531 行.
NOTIC: [8] Undefined variable: is_weixin E:\PhpStorm\pack_20191123_68wLlY\wwwroot\Application\Runtime\Cache\Wap\3233d4e3c1c6c8dc9b06494238f76d21.php 第 549 行.
NOTIC: [8] Undefined variable: signPackage E:\PhpStorm\pack_20191123_68wLlY\wwwroot\Application\Runtime\Cache\Wap\3233d4e3c1c6c8dc9b06494238f76d21.php 第 568 行.
INFO: Run Behavior\ParseTemplateBehavior [ RunTime:0.001619s ]
INFO: [ view_parse ] --END-- [ RunTime:0.001721s ]
INFO: [ view_filter ] --START--
INFO: Run Behavior\WriteHtmlCacheBehavior [ RunTime:0.000472s ]
INFO: [ view_filter ] --END-- [ RunTime:0.000576s ]
INFO: [ app_end ] --START--
INFO: Run Behavior\ShowPageTraceBehavior [ RunTime:0.000715s ]
INFO: [ app_end ] --END-- [ RunTime:0.000825s ]

[ 2019-12-02T17:33:15+08:00 ] 127.0.0.1 /Wap/Index/UserSign/uId/1
INFO: [ app_init ] --START--
INFO: Run Behavior\BuildLiteBehavior [ RunTime:0.000025s ]
INFO: [ app_init ] --END-- [ RunTime:0.000706s ]
INFO: [ app_begin ] --START--
INFO: Run Behavior\ReadHtmlCacheBehavior [ RunTime:0.000753s ]
INFO: [ app_begin ] --END-- [ RunTime:0.000859s ]
SQL: SELECT `sULoginTimeout` FROM `lscf_system` WHERE ( sId=1 ) LIMIT 1   [ RunTime:0.0002s ]
SQL: SELECT `sULoginTimeout` FROM `lscf_system` WHERE ( sId=1 ) LIMIT 1   [ RunTime:0.0002s ]
SQL: UPDATE `lscf_users` SET `uOnline`='1',`uOnlineDate`='2019-12-02 17:33:15' WHERE ( uId=1 ) [ RunTime:0.0003s ]
SQL: SELECT `upQiandaoONOFF`,`upQiandaoJiangMin`,`upQiandaoJiangMax` FROM `lscf_users_parameters` WHERE ( upId=1 ) LIMIT 1   [ RunTime:0.0002s ]
SQL: SELECT `uJiangjin`,`uQiandaoNum` FROM `lscf_users` WHERE ( uId=1 ) LIMIT 1   [ RunTime:0.0002s ]
SQL: SELECT COUNT(*) AS tp_count FROM `lscf_money_log` WHERE ( mlUid=1  AND mlMoneyType=4 AND 	mlToday='2019-12-02' ) LIMIT 1   [ RunTime:0.0003s ]

[ 2019-12-02T17:33:21+08:00 ] 127.0.0.1 /Wap/Index/LoginTrue/ExitLogin?app=1
INFO: [ app_init ] --START--
INFO: Run Behavior\BuildLiteBehavior [ RunTime:0.000027s ]
INFO: [ app_init ] --END-- [ RunTime:0.000548s ]
INFO: [ app_begin ] --START--
INFO: Run Behavior\ReadHtmlCacheBehavior [ RunTime:0.000704s ]
INFO: [ app_begin ] --END-- [ RunTime:0.000820s ]
SQL: SELECT `sULoginTimeout` FROM `lscf_system` WHERE ( sId=1 ) LIMIT 1   [ RunTime:0.0002s ]
SQL: SELECT `sULoginTimeout` FROM `lscf_system` WHERE ( sId=1 ) LIMIT 1   [ RunTime:0.0001s ]
SQL: UPDATE `lscf_users` SET `uOnline`='1',`uOnlineDate`='2019-12-02 17:33:21' WHERE ( uId=1 ) [ RunTime:0.0002s ]
INFO: [ app_end ] --START--
INFO: Run Behavior\ShowPageTraceBehavior [ RunTime:0.000752s ]
INFO: [ app_end ] --END-- [ RunTime:0.000859s ]

[ 2019-12-02T17:33:31+08:00 ] 127.0.0.1 /Wap/Index/login
INFO: [ app_init ] --START--
INFO: Run Behavior\BuildLiteBehavior [ RunTime:0.000025s ]
INFO: [ app_init ] --END-- [ RunTime:0.000533s ]
INFO: [ app_begin ] --START--
INFO: Run Behavior\ReadHtmlCacheBehavior [ RunTime:0.000684s ]
INFO: [ app_begin ] --END-- [ RunTime:0.000802s ]
SQL: SELECT `sULoginTimeout` FROM `lscf_system` WHERE ( sId=1 ) LIMIT 1   [ RunTime:0.0002s ]
SQL: SELECT `sULoginTimeout` FROM `lscf_system` WHERE ( sId=1 ) LIMIT 1   [ RunTime:0.0002s ]
INFO: [ view_parse ] --START--
INFO: [ template_filter ] --START--
INFO: Run Behavior\ContentReplaceBehavior [ RunTime:0.000078s ]
INFO: [ template_filter ] --END-- [ RunTime:0.000208s ]
INFO: Run Behavior\ParseTemplateBehavior [ RunTime:0.007136s ]
INFO: [ view_parse ] --END-- [ RunTime:0.007252s ]
INFO: [ view_filter ] --START--
INFO: Run Behavior\WriteHtmlCacheBehavior [ RunTime:0.000475s ]
INFO: [ view_filter ] --END-- [ RunTime:0.000578s ]
INFO: [ app_end ] --START--
INFO: Run Behavior\ShowPageTraceBehavior [ RunTime:0.000719s ]
INFO: [ app_end ] --END-- [ RunTime:0.000823s ]

[ 2019-12-02T17:33:31+08:00 ] 127.0.0.1 /Wap/Index/pic/bg.jpg
INFO: [ app_init ] --START--
INFO: Run Behavior\BuildLiteBehavior [ RunTime:0.000029s ]
INFO: [ app_init ] --END-- [ RunTime:0.000874s ]

